<?xml version="1.0" encoding="UTF-8"?>
<!-- Generated by org.testng.reporters.JUnitReportReporter -->
<testsuite hostname="LAPTOP-C2IN588P" failures="0" tests="1" name="testng.test11c" time="0.026" errors="0" timestamp="2023-10-06T19:08:02 PDT" skipped="0">
  <testcase classname="testng.test11c" name="TestcaseFour" time="0.026"/>
</testsuite> <!-- testng.test11c -->
