<?xml version="1.0" encoding="UTF-8"?>
<!-- Generated by org.testng.reporters.JUnitReportReporter -->
<testsuite hostname="LAPTOP-C2IN588P" failures="0" tests="3" name="testng.test11" time="0.016" errors="0" timestamp="2023-10-06T18:57:06 PDT" skipped="0">
  <testcase classname="testng.test11" name="TestcaseThree" time="0.002"/>
  <testcase classname="testng.test11" name="TestcaseOne" time="0.010"/>
  <testcase classname="testng.test11" name="TestcaseTwo" time="0.004"/>
</testsuite> <!-- testng.test11 -->
