<?xml version="1.0" encoding="UTF-8"?>
<!-- Generated by org.testng.reporters.JUnitReportReporter -->
<testsuite hostname="LAPTOP-C2IN588P" failures="0" tests="2" name="testNg3.day4b" time="0.014" errors="0" timestamp="2023-10-06T21:13:56 PDT" skipped="0">
  <testcase classname="testNg3.day4b" name="TestCaseTwo" time="0.006"/>
  <testcase classname="testNg3.day4b" name="TestCaseOne" time="0.008"/>
</testsuite> <!-- testNg3.day4b -->
