<?xml version="1.0" encoding="UTF-8"?>
<!-- Generated by org.testng.reporters.JUnitReportReporter -->
<testsuite hostname="LAPTOP-C2IN588P" failures="0" tests="1" name="testNg2.testSuiteOne" time="4.984" errors="0" timestamp="2023-10-03T21:32:18 PDT" skipped="0">
  <testcase classname="testNg2.testSuiteOne" name="testCaseFive" time="4.984"/>
</testsuite> <!-- testNg2.testSuiteOne -->
