<?xml version="1.0" encoding="UTF-8"?>
<!-- Generated by org.testng.reporters.JUnitReportReporter -->
<testsuite hostname="LAPTOP-C2IN588P" failures="0" tests="3" name="testng.test11e" time="0.018" errors="0" timestamp="2023-10-06T19:16:47 PDT" skipped="1">
  <testcase classname="testng.test11e" name="TestThree" time="0.017"/>
  <testcase classname="testng.test11e" name="TestFive" time="0.001"/>
  <testcase classname="testng.test11e" name="TestFour">
    <skipped/>
  </testcase> <!-- TestFour -->
</testsuite> <!-- testng.test11e -->
