<?xml version="1.0" encoding="UTF-8"?>
<!-- Generated by org.testng.reporters.JUnitReportReporter -->
<testsuite hostname="LAPTOP-C2IN588P" failures="0" tests="3" name="testng.test10" time="17.472" errors="0" timestamp="2023-10-05T19:21:44 PDT" skipped="0">
  <testcase classname="testng.test10" name="TestCase3" time="5.064"/>
  <testcase classname="testng.test10" name="TestCase4" time="4.632"/>
  <testcase classname="testng.test10" name="TestCase1" time="7.776"/>
</testsuite> <!-- testng.test10 -->
