<?xml version="1.0" encoding="UTF-8"?>
<!-- Generated by org.testng.reporters.JUnitReportReporter -->
<testsuite hostname="LAPTOP-C2IN588P" failures="0" tests="1" name="testng.testng" time="0.007" errors="0" timestamp="2023-09-30T19:22:23 PDT" skipped="0">
  <testcase classname="testng.testng" name="Testcase1" time="0.007"/>
</testsuite> <!-- testng.testng -->
