<?xml version="1.0" encoding="UTF-8"?>
<!-- Generated by org.testng.reporters.JUnitReportReporter -->
<testsuite hostname="LAPTOP-C2IN588P" failures="0" tests="3" name="testNg3.day4a" time="0.012" errors="0" timestamp="2023-10-06T21:06:11 PDT" skipped="0">
  <testcase classname="testNg3.day4a" name="TestCaseFour" time="0.002"/>
  <testcase classname="testNg3.day4a" name="TestCaseFive" time="0.008"/>
  <testcase classname="testNg3.day4a" name="TestCaseSix" time="0.002"/>
</testsuite> <!-- testNg3.day4a -->
