<?xml version="1.0" encoding="UTF-8"?>
<!-- Generated by org.testng.reporters.JUnitReportReporter -->
<testsuite hostname="LAPTOP-C2IN588P" failures="0" tests="1" name="testNg2.testSuiteTwo" time="4.914" errors="0" timestamp="2023-10-04T21:51:24 PDT" skipped="0">
  <testcase classname="testNg2.testSuiteTwo" name="TestCaseFive" time="4.914"/>
</testsuite> <!-- testNg2.testSuiteTwo -->
