<?xml version="1.0" encoding="UTF-8"?>
<!-- Generated by org.testng.reporters.JUnitReportReporter -->
<testsuite hostname="LAPTOP-C2IN588P" failures="0" tests="1" name="testNg2.testSuite3" time="10.785" errors="0" timestamp="2023-10-06T20:55:11 PDT" skipped="0">
  <testcase classname="testNg2.testSuite3" name="TestcaseTwo" time="10.785"/>
</testsuite> <!-- testNg2.testSuite3 -->
