<?xml version="1.0" encoding="UTF-8"?>
<!-- Generated by org.testng.reporters.JUnitReportReporter -->
<testsuite hostname="LAPTOP-C2IN588P" failures="0" tests="5" name="testNg3.day2" time="0.016" errors="0" timestamp="2023-10-04T09:21:36 PDT" skipped="0">
  <testcase classname="testNg3.day2" name="ZzeroTest" time="0.009"/>
  <testcase classname="testNg3.day2" name="zeroTest" time="0.002"/>
  <testcase classname="testNg3.day2" name="betaTest" time="0.001"/>
  <testcase classname="testNg3.day2" name="alphaTest" time="0.002"/>
  <testcase classname="testNg3.day2" name="gammaTest" time="0.002"/>
</testsuite> <!-- testNg3.day2 -->
