<?xml version="1.0" encoding="UTF-8"?>
<!-- Generated by org.testng.reporters.JUnitReportReporter -->
<testsuite hostname="LAPTOP-C2IN588P" failures="0" tests="1" name="testNg3.day3c" time="0.041" errors="0" timestamp="2023-10-05T09:41:09 PDT" skipped="0">
  <testcase classname="testNg3.day3c" name="TestCaseTwo" time="0.041"/>
</testsuite> <!-- testNg3.day3c -->
