<?xml version="1.0" encoding="UTF-8"?>
<!-- Generated by org.testng.reporters.JUnitReportReporter -->
<testsuite hostname="LAPTOP-C2IN588P" failures="0" tests="2" name="testng.test4" time="0.024" errors="0" timestamp="2023-10-07T18:57:47 PDT" skipped="0">
  <testcase classname="testng.test4" name="testTwo" time="0.006"/>
  <testcase classname="testng.test4" name="testOne" time="0.018"/>
</testsuite> <!-- testng.test4 -->
