<?xml version="1.0" encoding="UTF-8"?>
<!-- Generated by org.testng.reporters.JUnitReportReporter -->
<testsuite hostname="LAPTOP-C2IN588P" failures="0" tests="2" name="testNg3.day4c" time="0.008" errors="0" timestamp="2023-10-06T21:20:59 PDT" skipped="0">
  <testcase classname="testNg3.day4c" name="testCaseTwo" time="0.001"/>
  <testcase classname="testNg3.day4c" name="testCaseOne" time="0.007"/>
</testsuite> <!-- testNg3.day4c -->
