<?xml version="1.0" encoding="UTF-8"?>
<!-- Generated by org.testng.reporters.JUnitReportReporter -->
<testsuite hostname="LAPTOP-C2IN588P" failures="0" tests="1" name="testng.test14" time="6.900" errors="0" timestamp="2023-10-09T19:10:58 PDT" skipped="0">
  <testcase classname="testng.test14" name="TestCaseOne" time="6.900"/>
</testsuite> <!-- testng.test14 -->
