<?xml version="1.0" encoding="UTF-8"?>
<!-- Generated by org.testng.reporters.JUnitReportReporter -->
<testsuite hostname="LAPTOP-C2IN588P" failures="0" tests="1" name="testng.test16" time="7.821" errors="0" timestamp="2023-10-11T19:29:57 PDT" skipped="0">
  <testcase classname="testng.test16" name="CalenderTest" time="7.821"/>
</testsuite> <!-- testng.test16 -->
