<?xml version="1.0" encoding="UTF-8"?>
<!-- Generated by org.testng.reporters.JUnitReportReporter -->
<testsuite hostname="LAPTOP-C2IN588P" failures="0" tests="1" name="testng.test6" time="5.615" errors="0" timestamp="2023-10-03T19:29:05 PDT" skipped="0">
  <testcase classname="testng.test6" name="TestCase9" time="5.615"/>
</testsuite> <!-- testng.test6 -->
