<?xml version="1.0" encoding="UTF-8"?>
<!-- Generated by org.testng.reporters.JUnitReportReporter -->
<testsuite hostname="LAPTOP-C2IN588P" failures="0" tests="5" name="testng.test2" time="0.041" errors="0" timestamp="2023-09-30T19:22:23 PDT" skipped="0">
  <testcase classname="testng.test2" name="testcase6" time="0.001"/>
  <testcase classname="testng.test2" name="testcase4" time="0.001"/>
  <testcase classname="testng.test2" name="testcase3" time="0.013"/>
  <testcase classname="testng.test2" name="testcase5" time="0.001"/>
  <testcase classname="testng.test2" name="testcase2" time="0.025"/>
</testsuite> <!-- testng.test2 -->
