<?xml version="1.0" encoding="UTF-8"?>
<!-- Generated by org.testng.reporters.JUnitReportReporter -->
<testsuite hostname="LAPTOP-C2IN588P" failures="0" tests="1" name="testng.test7" time="10.345" errors="0" timestamp="2023-10-04T19:00:28 PDT" skipped="0">
  <testcase classname="testng.test7" name="TestcaseTwo" time="10.345"/>
</testsuite> <!-- testng.test7 -->
