<?xml version="1.0" encoding="UTF-8"?>
<!-- Generated by org.testng.reporters.JUnitReportReporter -->
<testsuite hostname="LAPTOP-C2IN588P" failures="0" tests="6" name="testng.test3" time="0.062" errors="0" timestamp="2023-09-30T19:09:25 PDT" skipped="0">
  <testcase classname="testng.test3" name="six" time="0.009"/>
  <testcase classname="testng.test3" name="five" time="0.028"/>
  <testcase classname="testng.test3" name="Testcase4" time="0.007"/>
  <testcase classname="testng.test3" name="Testcase3" time="0.004"/>
  <testcase classname="testng.test3" name="Testcase2" time="0.012"/>
  <testcase classname="testng.test3" name="Testcase1" time="0.002"/>
</testsuite> <!-- testng.test3 -->
