<?xml version="1.0" encoding="UTF-8"?>
<!-- Generated by org.testng.reporters.JUnitReportReporter -->
<testsuite hostname="LAPTOP-C2IN588P" failures="0" tests="2" name="testng.test12b" time="0.011" errors="0" timestamp="2023-10-07T19:05:50 PDT" skipped="0">
  <testcase classname="testng.test12b" name="testCase4" time="0.006"/>
  <testcase classname="testng.test12b" name="testCase6" time="0.005"/>
</testsuite> <!-- testng.test12b -->
