<?xml version="1.0" encoding="UTF-8"?>
<!-- Generated by org.testng.reporters.JUnitReportReporter -->
<testsuite hostname="LAPTOP-C2IN588P" failures="0" tests="1" name="testng.testng" time="7.923" errors="0" timestamp="2023-10-05T19:03:34 PDT" skipped="0">
  <testcase classname="testng.testng" name="AutoSuggestiveDropDownTwo" time="7.923"/>
</testsuite> <!-- testng.testng -->
