<?xml version="1.0" encoding="UTF-8"?>
<!-- Generated by org.testng.reporters.JUnitReportReporter -->
<testsuite hostname="LAPTOP-C2IN588P" failures="0" tests="1" name="testNg2.testSuite4" time="7.880" errors="0" timestamp="2023-10-11T08:56:58 PDT" skipped="0">
  <testcase classname="testNg2.testSuite4" name="IframeTestCase2" time="7.880"/>
</testsuite> <!-- testNg2.testSuite4 -->
