<?xml version="1.0" encoding="UTF-8"?>
<!-- Generated by org.testng.reporters.JUnitReportReporter -->
<testsuite hostname="LAPTOP-C2IN588P" failures="0" tests="1" name="testng.day1" time="0.011" errors="0" timestamp="2023-09-29T17:58:23 PDT" skipped="0">
  <testcase classname="testng.day1" name="testOne" time="0.011"/>
</testsuite> <!-- testng.day1 -->
