<?xml version="1.0" encoding="UTF-8"?>
<!-- Generated by org.testng.reporters.JUnitReportReporter -->
<testsuite hostname="LAPTOP-C2IN588P" failures="0" tests="2" name="testng.test5" time="11.077" errors="0" timestamp="2023-10-01T19:04:04 PDT" skipped="0">
  <testcase classname="testng.test5" name="testOne" time="4.010"/>
  <testcase classname="testng.test5" name="testTwo" time="7.067"/>
</testsuite> <!-- testng.test5 -->
