<?xml version="1.0" encoding="UTF-8"?>
<!-- Generated by org.testng.reporters.JUnitReportReporter -->
<testsuite hostname="LAPTOP-C2IN588P" failures="0" tests="1" name="testNg3.day1" time="5.960" errors="0" timestamp="2023-10-04T09:15:09 PDT" skipped="0">
  <testcase classname="testNg3.day1" name="validateCurrentUrl" time="5.960"/>
</testsuite> <!-- testNg3.day1 -->
