<?xml version="1.0" encoding="UTF-8"?>
<!-- Generated by org.testng.reporters.JUnitReportReporter -->
<testsuite hostname="LAPTOP-C2IN588P" failures="0" tests="3" name="testng.test11d" time="0.014" errors="0" timestamp="2023-10-06T19:17:39 PDT" skipped="1">
  <testcase classname="testng.test11d" name="TestOne" time="0.011"/>
  <testcase classname="testng.test11d" name="TestTwo" time="0.003"/>
  <testcase classname="testng.test11d" name="TestThree">
    <skipped/>
  </testcase> <!-- TestThree -->
</testsuite> <!-- testng.test11d -->
