<?xml version="1.0" encoding="UTF-8"?>
<!-- Generated by org.testng.reporters.JUnitReportReporter -->
<testsuite hostname="LAPTOP-C2IN588P" failures="0" tests="1" name="testNg3.day2c" time="5.922" errors="0" timestamp="2023-10-04T09:35:35 PDT" skipped="0">
  <testcase classname="testNg3.day2c" name="validateLoginonFailuser" time="5.922"/>
</testsuite> <!-- testNg3.day2c -->
