<?xml version="1.0" encoding="UTF-8"?>
<!-- Generated by org.testng.reporters.JUnitReportReporter -->
<testsuite hostname="LAPTOP-C2IN588P" failures="0" tests="3" name="testng.test12" time="0.030" errors="0" timestamp="2023-10-07T19:05:50 PDT" skipped="0">
  <testcase classname="testng.test12" name="testCase1" time="0.012"/>
  <testcase classname="testng.test12" name="testCase2" time="0.012"/>
  <testcase classname="testng.test12" name="testCase3" time="0.006"/>
</testsuite> <!-- testng.test12 -->
