<?xml version="1.0" encoding="UTF-8"?>
<!-- Generated by org.testng.reporters.JUnitReportReporter -->
<testsuite hostname="LAPTOP-C2IN588P" failures="0" tests="3" name="testNg3.day3b" time="0.034" errors="0" timestamp="2023-10-05T09:23:28 PDT" skipped="0">
  <testcase classname="testNg3.day3b" name="TestSix" time="0.002"/>
  <testcase classname="testNg3.day3b" name="TestFour" time="0.003"/>
  <testcase classname="testNg3.day3b" name="TestFive" time="0.029"/>
</testsuite> <!-- testNg3.day3b -->
