<?xml version="1.0" encoding="UTF-8"?>
<!-- Generated by org.testng.reporters.JUnitReportReporter -->
<testsuite hostname="LAPTOP-C2IN588P" failures="0" tests="1" name="testNg3.day5b" time="6.021" errors="0" timestamp="2023-10-09T09:25:05 PDT" skipped="0">
  <testcase classname="testNg3.day5b" name="login" time="6.021"/>
</testsuite> <!-- testNg3.day5b -->
